INFO  [2013-11-06 08:04:53,518] org.reflections.Reflections: Reflections took 102 ms to scan 1 urls, producing 5 keys and 5 values 
DEBUG [2013-11-06 08:04:53,978] edu.sjsu.cmpe.procurement.ProcurementService: Queue name is /queue/30765.book.orders. Topic is /topic/05829.book.
WARN  [2013-11-06 08:04:54,000] com.yammer.dropwizard.config.ServerFactory: 
!!!!!!!!!!!!!!!!!!!!!!!!!!!!!!!!!!!!!!!!!!!!!!!!!!!!!!!!!!!!!!!!!!!!!!!!!!!!!!!!
!!!!!!!!!!!!!!!!!!!!!!!!!!!!!!!!!!!!!!!!!!!!!!!!!!!!!!!!!!!!!!!!!!!!!!!!!!!!!!!!
!    THIS SERVICE HAS NO HEALTHCHECKS. THIS MEANS YOU WILL NEVER KNOW IF IT    !
!    DIES IN PRODUCTION, WHICH MEANS YOU WILL NEVER KNOW IF YOU'RE LETTING     !
!     YOUR USERS DOWN. YOU SHOULD ADD A HEALTHCHECK FOR EACH DEPENDENCY OF     !
!     YOUR SERVICE WHICH FULLY (BUT LIGHTLY) TESTS YOUR SERVICE'S ABILITY TO   !
!      USE THAT SERVICE. THINK OF IT AS A CONTINUOUS INTEGRATION TEST.         !
!!!!!!!!!!!!!!!!!!!!!!!!!!!!!!!!!!!!!!!!!!!!!!!!!!!!!!!!!!!!!!!!!!!!!!!!!!!!!!!!
!!!!!!!!!!!!!!!!!!!!!!!!!!!!!!!!!!!!!!!!!!!!!!!!!!!!!!!!!!!!!!!!!!!!!!!!!!!!!!!!
INFO  [2013-11-06 08:04:54,070] com.yammer.dropwizard.cli.ServerCommand: Starting procurement-service
INFO  [2013-11-06 08:04:54,072] org.eclipse.jetty.server.Server: jetty-8.1.10.v20130312
INFO  [2013-11-06 08:04:54,161] com.sun.jersey.server.impl.application.WebApplicationImpl: Initiating Jersey application, version 'Jersey: 1.17.1 02/28/2013 12:47 PM'
INFO  [2013-11-06 08:04:54,191] com.yammer.dropwizard.config.Environment: The following paths were found for the configured resources:


INFO  [2013-11-06 08:04:54,191] com.yammer.dropwizard.config.Environment: tasks = 

    POST    /tasks/gc (com.yammer.dropwizard.tasks.GarbageCollectionTask)

INFO  [2013-11-06 08:04:54,422] org.quartz.impl.StdSchedulerFactory: Using default implementation for ThreadExecutor
INFO  [2013-11-06 08:04:54,425] org.quartz.simpl.SimpleThreadPool: Job execution threads will use class loader of thread: main
INFO  [2013-11-06 08:04:54,442] org.quartz.core.SchedulerSignalerImpl: Initialized Scheduler Signaller of type: class org.quartz.core.SchedulerSignalerImpl
INFO  [2013-11-06 08:04:54,443] org.quartz.core.QuartzScheduler: Quartz Scheduler v.2.1.5 created.
INFO  [2013-11-06 08:04:54,444] org.quartz.simpl.RAMJobStore: RAMJobStore initialized.
INFO  [2013-11-06 08:04:54,445] org.quartz.core.QuartzScheduler: Scheduler meta-data: Quartz Scheduler (v2.1.5) 'DefaultQuartzScheduler' with instanceId 'NON_CLUSTERED'
  Scheduler class: 'org.quartz.core.QuartzScheduler' - running locally.
  NOT STARTED.
  Currently in standby mode.
  Number of jobs executed: 0
  Using thread pool 'org.quartz.simpl.SimpleThreadPool' - with 10 threads.
  Using job-store 'org.quartz.simpl.RAMJobStore' - which does not support persistence. and is not clustered.

INFO  [2013-11-06 08:04:54,445] org.quartz.impl.StdSchedulerFactory: Quartz scheduler 'DefaultQuartzScheduler' initialized from default resource file in Quartz package: 'quartz.properties'
INFO  [2013-11-06 08:04:54,445] org.quartz.impl.StdSchedulerFactory: Quartz scheduler version: 2.1.5
INFO  [2013-11-06 08:04:54,445] org.quartz.core.QuartzScheduler: Scheduler DefaultQuartzScheduler_$_NON_CLUSTERED started.
INFO  [2013-11-06 08:04:54,449] edu.sjsu.cmpe.procurement.jobs.JobManager: Jobs with @Every annotation: [class edu.sjsu.cmpe.procurement.jobs.listenToQueue]
INFO  [2013-11-06 08:04:54,473] org.eclipse.jetty.server.AbstractConnector: Started InstrumentedBlockingChannelConnector@0.0.0.0:9000
INFO  [2013-11-06 08:11:29,098] org.reflections.Reflections: Reflections took 90 ms to scan 1 urls, producing 5 keys and 5 values 
DEBUG [2013-11-06 08:11:29,573] edu.sjsu.cmpe.procurement.ProcurementService: Queue name is /queue/30765.book.orders. Topic is /topic/05829.book.
WARN  [2013-11-06 08:11:29,595] com.yammer.dropwizard.config.ServerFactory: 
!!!!!!!!!!!!!!!!!!!!!!!!!!!!!!!!!!!!!!!!!!!!!!!!!!!!!!!!!!!!!!!!!!!!!!!!!!!!!!!!
!!!!!!!!!!!!!!!!!!!!!!!!!!!!!!!!!!!!!!!!!!!!!!!!!!!!!!!!!!!!!!!!!!!!!!!!!!!!!!!!
!    THIS SERVICE HAS NO HEALTHCHECKS. THIS MEANS YOU WILL NEVER KNOW IF IT    !
!    DIES IN PRODUCTION, WHICH MEANS YOU WILL NEVER KNOW IF YOU'RE LETTING     !
!     YOUR USERS DOWN. YOU SHOULD ADD A HEALTHCHECK FOR EACH DEPENDENCY OF     !
!     YOUR SERVICE WHICH FULLY (BUT LIGHTLY) TESTS YOUR SERVICE'S ABILITY TO   !
!      USE THAT SERVICE. THINK OF IT AS A CONTINUOUS INTEGRATION TEST.         !
!!!!!!!!!!!!!!!!!!!!!!!!!!!!!!!!!!!!!!!!!!!!!!!!!!!!!!!!!!!!!!!!!!!!!!!!!!!!!!!!
!!!!!!!!!!!!!!!!!!!!!!!!!!!!!!!!!!!!!!!!!!!!!!!!!!!!!!!!!!!!!!!!!!!!!!!!!!!!!!!!
INFO  [2013-11-06 08:11:29,699] com.yammer.dropwizard.cli.ServerCommand: Starting procurement-service
INFO  [2013-11-06 08:11:29,702] org.eclipse.jetty.server.Server: jetty-8.1.10.v20130312
INFO  [2013-11-06 08:11:29,808] com.sun.jersey.server.impl.application.WebApplicationImpl: Initiating Jersey application, version 'Jersey: 1.17.1 02/28/2013 12:47 PM'
INFO  [2013-11-06 08:11:29,841] com.yammer.dropwizard.config.Environment: The following paths were found for the configured resources:


INFO  [2013-11-06 08:11:29,842] com.yammer.dropwizard.config.Environment: tasks = 

    POST    /tasks/gc (com.yammer.dropwizard.tasks.GarbageCollectionTask)

INFO  [2013-11-06 08:11:30,067] org.quartz.impl.StdSchedulerFactory: Using default implementation for ThreadExecutor
INFO  [2013-11-06 08:11:30,071] org.quartz.simpl.SimpleThreadPool: Job execution threads will use class loader of thread: main
INFO  [2013-11-06 08:11:30,089] org.quartz.core.SchedulerSignalerImpl: Initialized Scheduler Signaller of type: class org.quartz.core.SchedulerSignalerImpl
INFO  [2013-11-06 08:11:30,090] org.quartz.core.QuartzScheduler: Quartz Scheduler v.2.1.5 created.
INFO  [2013-11-06 08:11:30,091] org.quartz.simpl.RAMJobStore: RAMJobStore initialized.
INFO  [2013-11-06 08:11:30,092] org.quartz.core.QuartzScheduler: Scheduler meta-data: Quartz Scheduler (v2.1.5) 'DefaultQuartzScheduler' with instanceId 'NON_CLUSTERED'
  Scheduler class: 'org.quartz.core.QuartzScheduler' - running locally.
  NOT STARTED.
  Currently in standby mode.
  Number of jobs executed: 0
  Using thread pool 'org.quartz.simpl.SimpleThreadPool' - with 10 threads.
  Using job-store 'org.quartz.simpl.RAMJobStore' - which does not support persistence. and is not clustered.

INFO  [2013-11-06 08:11:30,092] org.quartz.impl.StdSchedulerFactory: Quartz scheduler 'DefaultQuartzScheduler' initialized from default resource file in Quartz package: 'quartz.properties'
INFO  [2013-11-06 08:11:30,092] org.quartz.impl.StdSchedulerFactory: Quartz scheduler version: 2.1.5
INFO  [2013-11-06 08:11:30,093] org.quartz.core.QuartzScheduler: Scheduler DefaultQuartzScheduler_$_NON_CLUSTERED started.
INFO  [2013-11-06 08:11:30,096] edu.sjsu.cmpe.procurement.jobs.JobManager: Jobs with @Every annotation: [class edu.sjsu.cmpe.procurement.jobs.listenToQueue]
INFO  [2013-11-06 08:11:30,126] org.eclipse.jetty.server.AbstractConnector: Started InstrumentedBlockingChannelConnector@0.0.0.0:9000
INFO  [2013-11-06 08:34:45,397] org.reflections.Reflections: Reflections took 99 ms to scan 1 urls, producing 5 keys and 5 values 
DEBUG [2013-11-06 08:34:45,876] edu.sjsu.cmpe.procurement.ProcurementService: Queue name is /queue/30765.book.orders. Topic is /topic/30765.book.
WARN  [2013-11-06 08:34:45,892] com.yammer.dropwizard.config.ServerFactory: 
!!!!!!!!!!!!!!!!!!!!!!!!!!!!!!!!!!!!!!!!!!!!!!!!!!!!!!!!!!!!!!!!!!!!!!!!!!!!!!!!
!!!!!!!!!!!!!!!!!!!!!!!!!!!!!!!!!!!!!!!!!!!!!!!!!!!!!!!!!!!!!!!!!!!!!!!!!!!!!!!!
!    THIS SERVICE HAS NO HEALTHCHECKS. THIS MEANS YOU WILL NEVER KNOW IF IT    !
!    DIES IN PRODUCTION, WHICH MEANS YOU WILL NEVER KNOW IF YOU'RE LETTING     !
!     YOUR USERS DOWN. YOU SHOULD ADD A HEALTHCHECK FOR EACH DEPENDENCY OF     !
!     YOUR SERVICE WHICH FULLY (BUT LIGHTLY) TESTS YOUR SERVICE'S ABILITY TO   !
!      USE THAT SERVICE. THINK OF IT AS A CONTINUOUS INTEGRATION TEST.         !
!!!!!!!!!!!!!!!!!!!!!!!!!!!!!!!!!!!!!!!!!!!!!!!!!!!!!!!!!!!!!!!!!!!!!!!!!!!!!!!!
!!!!!!!!!!!!!!!!!!!!!!!!!!!!!!!!!!!!!!!!!!!!!!!!!!!!!!!!!!!!!!!!!!!!!!!!!!!!!!!!
INFO  [2013-11-06 08:34:45,962] com.yammer.dropwizard.cli.ServerCommand: Starting procurement-service
INFO  [2013-11-06 08:34:45,964] org.eclipse.jetty.server.Server: jetty-8.1.10.v20130312
INFO  [2013-11-06 08:34:46,046] com.sun.jersey.server.impl.application.WebApplicationImpl: Initiating Jersey application, version 'Jersey: 1.17.1 02/28/2013 12:47 PM'
INFO  [2013-11-06 08:34:46,078] com.yammer.dropwizard.config.Environment: The following paths were found for the configured resources:


INFO  [2013-11-06 08:34:46,079] com.yammer.dropwizard.config.Environment: tasks = 

    POST    /tasks/gc (com.yammer.dropwizard.tasks.GarbageCollectionTask)

INFO  [2013-11-06 08:34:46,293] org.quartz.impl.StdSchedulerFactory: Using default implementation for ThreadExecutor
INFO  [2013-11-06 08:34:46,295] org.quartz.simpl.SimpleThreadPool: Job execution threads will use class loader of thread: main
INFO  [2013-11-06 08:34:46,312] org.quartz.core.SchedulerSignalerImpl: Initialized Scheduler Signaller of type: class org.quartz.core.SchedulerSignalerImpl
INFO  [2013-11-06 08:34:46,313] org.quartz.core.QuartzScheduler: Quartz Scheduler v.2.1.5 created.
INFO  [2013-11-06 08:34:46,314] org.quartz.simpl.RAMJobStore: RAMJobStore initialized.
INFO  [2013-11-06 08:34:46,315] org.quartz.core.QuartzScheduler: Scheduler meta-data: Quartz Scheduler (v2.1.5) 'DefaultQuartzScheduler' with instanceId 'NON_CLUSTERED'
  Scheduler class: 'org.quartz.core.QuartzScheduler' - running locally.
  NOT STARTED.
  Currently in standby mode.
  Number of jobs executed: 0
  Using thread pool 'org.quartz.simpl.SimpleThreadPool' - with 10 threads.
  Using job-store 'org.quartz.simpl.RAMJobStore' - which does not support persistence. and is not clustered.

INFO  [2013-11-06 08:34:46,315] org.quartz.impl.StdSchedulerFactory: Quartz scheduler 'DefaultQuartzScheduler' initialized from default resource file in Quartz package: 'quartz.properties'
INFO  [2013-11-06 08:34:46,315] org.quartz.impl.StdSchedulerFactory: Quartz scheduler version: 2.1.5
INFO  [2013-11-06 08:34:46,315] org.quartz.core.QuartzScheduler: Scheduler DefaultQuartzScheduler_$_NON_CLUSTERED started.
INFO  [2013-11-06 08:34:46,320] edu.sjsu.cmpe.procurement.jobs.JobManager: Jobs with @Every annotation: [class edu.sjsu.cmpe.procurement.jobs.listenToQueue]
INFO  [2013-11-06 08:34:46,345] org.eclipse.jetty.server.AbstractConnector: Started InstrumentedBlockingChannelConnector@0.0.0.0:9000
INFO  [2013-11-06 08:40:11,446] org.reflections.Reflections: Reflections took 92 ms to scan 1 urls, producing 5 keys and 5 values 
DEBUG [2013-11-06 08:40:11,876] edu.sjsu.cmpe.procurement.ProcurementService: Queue name is /queue/30765.book.orders. Topic is /topic/30765.book.
WARN  [2013-11-06 08:40:11,894] com.yammer.dropwizard.config.ServerFactory: 
!!!!!!!!!!!!!!!!!!!!!!!!!!!!!!!!!!!!!!!!!!!!!!!!!!!!!!!!!!!!!!!!!!!!!!!!!!!!!!!!
!!!!!!!!!!!!!!!!!!!!!!!!!!!!!!!!!!!!!!!!!!!!!!!!!!!!!!!!!!!!!!!!!!!!!!!!!!!!!!!!
!    THIS SERVICE HAS NO HEALTHCHECKS. THIS MEANS YOU WILL NEVER KNOW IF IT    !
!    DIES IN PRODUCTION, WHICH MEANS YOU WILL NEVER KNOW IF YOU'RE LETTING     !
!     YOUR USERS DOWN. YOU SHOULD ADD A HEALTHCHECK FOR EACH DEPENDENCY OF     !
!     YOUR SERVICE WHICH FULLY (BUT LIGHTLY) TESTS YOUR SERVICE'S ABILITY TO   !
!      USE THAT SERVICE. THINK OF IT AS A CONTINUOUS INTEGRATION TEST.         !
!!!!!!!!!!!!!!!!!!!!!!!!!!!!!!!!!!!!!!!!!!!!!!!!!!!!!!!!!!!!!!!!!!!!!!!!!!!!!!!!
!!!!!!!!!!!!!!!!!!!!!!!!!!!!!!!!!!!!!!!!!!!!!!!!!!!!!!!!!!!!!!!!!!!!!!!!!!!!!!!!
INFO  [2013-11-06 08:40:11,972] com.yammer.dropwizard.cli.ServerCommand: Starting procurement-service
INFO  [2013-11-06 08:40:11,974] org.eclipse.jetty.server.Server: jetty-8.1.10.v20130312
INFO  [2013-11-06 08:40:12,068] com.sun.jersey.server.impl.application.WebApplicationImpl: Initiating Jersey application, version 'Jersey: 1.17.1 02/28/2013 12:47 PM'
INFO  [2013-11-06 08:40:12,101] com.yammer.dropwizard.config.Environment: The following paths were found for the configured resources:


INFO  [2013-11-06 08:40:12,101] com.yammer.dropwizard.config.Environment: tasks = 

    POST    /tasks/gc (com.yammer.dropwizard.tasks.GarbageCollectionTask)

INFO  [2013-11-06 08:40:12,300] org.quartz.impl.StdSchedulerFactory: Using default implementation for ThreadExecutor
INFO  [2013-11-06 08:40:12,303] org.quartz.simpl.SimpleThreadPool: Job execution threads will use class loader of thread: main
INFO  [2013-11-06 08:40:12,319] org.quartz.core.SchedulerSignalerImpl: Initialized Scheduler Signaller of type: class org.quartz.core.SchedulerSignalerImpl
INFO  [2013-11-06 08:40:12,320] org.quartz.core.QuartzScheduler: Quartz Scheduler v.2.1.5 created.
INFO  [2013-11-06 08:40:12,322] org.quartz.simpl.RAMJobStore: RAMJobStore initialized.
INFO  [2013-11-06 08:40:12,323] org.quartz.core.QuartzScheduler: Scheduler meta-data: Quartz Scheduler (v2.1.5) 'DefaultQuartzScheduler' with instanceId 'NON_CLUSTERED'
  Scheduler class: 'org.quartz.core.QuartzScheduler' - running locally.
  NOT STARTED.
  Currently in standby mode.
  Number of jobs executed: 0
  Using thread pool 'org.quartz.simpl.SimpleThreadPool' - with 10 threads.
  Using job-store 'org.quartz.simpl.RAMJobStore' - which does not support persistence. and is not clustered.

INFO  [2013-11-06 08:40:12,323] org.quartz.impl.StdSchedulerFactory: Quartz scheduler 'DefaultQuartzScheduler' initialized from default resource file in Quartz package: 'quartz.properties'
INFO  [2013-11-06 08:40:12,323] org.quartz.impl.StdSchedulerFactory: Quartz scheduler version: 2.1.5
INFO  [2013-11-06 08:40:12,323] org.quartz.core.QuartzScheduler: Scheduler DefaultQuartzScheduler_$_NON_CLUSTERED started.
INFO  [2013-11-06 08:40:12,327] edu.sjsu.cmpe.procurement.jobs.JobManager: Jobs with @Every annotation: [class edu.sjsu.cmpe.procurement.jobs.listenToQueue]
INFO  [2013-11-06 08:40:12,349] org.eclipse.jetty.server.AbstractConnector: Started InstrumentedBlockingChannelConnector@0.0.0.0:9000
INFO  [2013-11-06 09:03:30,729] org.reflections.Reflections: Reflections took 86 ms to scan 1 urls, producing 5 keys and 5 values 
DEBUG [2013-11-06 09:03:31,159] edu.sjsu.cmpe.procurement.ProcurementService: Queue name is /queue/30765.book.orders. Topic is /topic/30765.book.
WARN  [2013-11-06 09:03:31,174] com.yammer.dropwizard.config.ServerFactory: 
!!!!!!!!!!!!!!!!!!!!!!!!!!!!!!!!!!!!!!!!!!!!!!!!!!!!!!!!!!!!!!!!!!!!!!!!!!!!!!!!
!!!!!!!!!!!!!!!!!!!!!!!!!!!!!!!!!!!!!!!!!!!!!!!!!!!!!!!!!!!!!!!!!!!!!!!!!!!!!!!!
!    THIS SERVICE HAS NO HEALTHCHECKS. THIS MEANS YOU WILL NEVER KNOW IF IT    !
!    DIES IN PRODUCTION, WHICH MEANS YOU WILL NEVER KNOW IF YOU'RE LETTING     !
!     YOUR USERS DOWN. YOU SHOULD ADD A HEALTHCHECK FOR EACH DEPENDENCY OF     !
!     YOUR SERVICE WHICH FULLY (BUT LIGHTLY) TESTS YOUR SERVICE'S ABILITY TO   !
!      USE THAT SERVICE. THINK OF IT AS A CONTINUOUS INTEGRATION TEST.         !
!!!!!!!!!!!!!!!!!!!!!!!!!!!!!!!!!!!!!!!!!!!!!!!!!!!!!!!!!!!!!!!!!!!!!!!!!!!!!!!!
!!!!!!!!!!!!!!!!!!!!!!!!!!!!!!!!!!!!!!!!!!!!!!!!!!!!!!!!!!!!!!!!!!!!!!!!!!!!!!!!
INFO  [2013-11-06 09:03:31,240] com.yammer.dropwizard.cli.ServerCommand: Starting procurement-service
INFO  [2013-11-06 09:03:31,243] org.eclipse.jetty.server.Server: jetty-8.1.10.v20130312
INFO  [2013-11-06 09:03:31,333] com.sun.jersey.server.impl.application.WebApplicationImpl: Initiating Jersey application, version 'Jersey: 1.17.1 02/28/2013 12:47 PM'
INFO  [2013-11-06 09:03:31,368] com.yammer.dropwizard.config.Environment: The following paths were found for the configured resources:


INFO  [2013-11-06 09:03:31,368] com.yammer.dropwizard.config.Environment: tasks = 

    POST    /tasks/gc (com.yammer.dropwizard.tasks.GarbageCollectionTask)

INFO  [2013-11-06 09:03:31,577] org.quartz.impl.StdSchedulerFactory: Using default implementation for ThreadExecutor
INFO  [2013-11-06 09:03:31,581] org.quartz.simpl.SimpleThreadPool: Job execution threads will use class loader of thread: main
INFO  [2013-11-06 09:03:31,597] org.quartz.core.SchedulerSignalerImpl: Initialized Scheduler Signaller of type: class org.quartz.core.SchedulerSignalerImpl
INFO  [2013-11-06 09:03:31,598] org.quartz.core.QuartzScheduler: Quartz Scheduler v.2.1.5 created.
INFO  [2013-11-06 09:03:31,599] org.quartz.simpl.RAMJobStore: RAMJobStore initialized.
INFO  [2013-11-06 09:03:31,600] org.quartz.core.QuartzScheduler: Scheduler meta-data: Quartz Scheduler (v2.1.5) 'DefaultQuartzScheduler' with instanceId 'NON_CLUSTERED'
  Scheduler class: 'org.quartz.core.QuartzScheduler' - running locally.
  NOT STARTED.
  Currently in standby mode.
  Number of jobs executed: 0
  Using thread pool 'org.quartz.simpl.SimpleThreadPool' - with 10 threads.
  Using job-store 'org.quartz.simpl.RAMJobStore' - which does not support persistence. and is not clustered.

INFO  [2013-11-06 09:03:31,600] org.quartz.impl.StdSchedulerFactory: Quartz scheduler 'DefaultQuartzScheduler' initialized from default resource file in Quartz package: 'quartz.properties'
INFO  [2013-11-06 09:03:31,600] org.quartz.impl.StdSchedulerFactory: Quartz scheduler version: 2.1.5
INFO  [2013-11-06 09:03:31,600] org.quartz.core.QuartzScheduler: Scheduler DefaultQuartzScheduler_$_NON_CLUSTERED started.
INFO  [2013-11-06 09:03:31,604] edu.sjsu.cmpe.procurement.jobs.JobManager: Jobs with @Every annotation: [class edu.sjsu.cmpe.procurement.jobs.listenToQueue]
INFO  [2013-11-06 09:03:31,628] org.eclipse.jetty.server.AbstractConnector: Started InstrumentedBlockingChannelConnector@0.0.0.0:9000
INFO  [2013-11-06 20:27:59,114] org.reflections.Reflections: Reflections took 380 ms to scan 1 urls, producing 5 keys and 5 values 
DEBUG [2013-11-06 20:28:01,024] edu.sjsu.cmpe.procurement.ProcurementService: Queue name is /queue/30765.book.orders. Topic is /topic/30765.book.
WARN  [2013-11-06 20:28:01,060] com.yammer.dropwizard.config.ServerFactory: 
!!!!!!!!!!!!!!!!!!!!!!!!!!!!!!!!!!!!!!!!!!!!!!!!!!!!!!!!!!!!!!!!!!!!!!!!!!!!!!!!
!!!!!!!!!!!!!!!!!!!!!!!!!!!!!!!!!!!!!!!!!!!!!!!!!!!!!!!!!!!!!!!!!!!!!!!!!!!!!!!!
!    THIS SERVICE HAS NO HEALTHCHECKS. THIS MEANS YOU WILL NEVER KNOW IF IT    !
!    DIES IN PRODUCTION, WHICH MEANS YOU WILL NEVER KNOW IF YOU'RE LETTING     !
!     YOUR USERS DOWN. YOU SHOULD ADD A HEALTHCHECK FOR EACH DEPENDENCY OF     !
!     YOUR SERVICE WHICH FULLY (BUT LIGHTLY) TESTS YOUR SERVICE'S ABILITY TO   !
!      USE THAT SERVICE. THINK OF IT AS A CONTINUOUS INTEGRATION TEST.         !
!!!!!!!!!!!!!!!!!!!!!!!!!!!!!!!!!!!!!!!!!!!!!!!!!!!!!!!!!!!!!!!!!!!!!!!!!!!!!!!!
!!!!!!!!!!!!!!!!!!!!!!!!!!!!!!!!!!!!!!!!!!!!!!!!!!!!!!!!!!!!!!!!!!!!!!!!!!!!!!!!
INFO  [2013-11-06 20:28:01,130] com.yammer.dropwizard.cli.ServerCommand: Starting procurement-service
INFO  [2013-11-06 20:28:01,132] org.eclipse.jetty.server.Server: jetty-8.1.10.v20130312
INFO  [2013-11-06 20:28:01,218] com.sun.jersey.server.impl.application.WebApplicationImpl: Initiating Jersey application, version 'Jersey: 1.17.1 02/28/2013 12:47 PM'
INFO  [2013-11-06 20:28:01,258] com.yammer.dropwizard.config.Environment: The following paths were found for the configured resources:


INFO  [2013-11-06 20:28:01,258] com.yammer.dropwizard.config.Environment: tasks = 

    POST    /tasks/gc (com.yammer.dropwizard.tasks.GarbageCollectionTask)

INFO  [2013-11-06 20:28:01,651] org.quartz.impl.StdSchedulerFactory: Using default implementation for ThreadExecutor
INFO  [2013-11-06 20:28:01,656] org.quartz.simpl.SimpleThreadPool: Job execution threads will use class loader of thread: main
INFO  [2013-11-06 20:28:01,734] org.quartz.core.SchedulerSignalerImpl: Initialized Scheduler Signaller of type: class org.quartz.core.SchedulerSignalerImpl
INFO  [2013-11-06 20:28:01,735] org.quartz.core.QuartzScheduler: Quartz Scheduler v.2.1.5 created.
INFO  [2013-11-06 20:28:01,745] org.quartz.simpl.RAMJobStore: RAMJobStore initialized.
INFO  [2013-11-06 20:28:01,746] org.quartz.core.QuartzScheduler: Scheduler meta-data: Quartz Scheduler (v2.1.5) 'DefaultQuartzScheduler' with instanceId 'NON_CLUSTERED'
  Scheduler class: 'org.quartz.core.QuartzScheduler' - running locally.
  NOT STARTED.
  Currently in standby mode.
  Number of jobs executed: 0
  Using thread pool 'org.quartz.simpl.SimpleThreadPool' - with 10 threads.
  Using job-store 'org.quartz.simpl.RAMJobStore' - which does not support persistence. and is not clustered.

INFO  [2013-11-06 20:28:01,746] org.quartz.impl.StdSchedulerFactory: Quartz scheduler 'DefaultQuartzScheduler' initialized from default resource file in Quartz package: 'quartz.properties'
INFO  [2013-11-06 20:28:01,746] org.quartz.impl.StdSchedulerFactory: Quartz scheduler version: 2.1.5
INFO  [2013-11-06 20:28:01,747] org.quartz.core.QuartzScheduler: Scheduler DefaultQuartzScheduler_$_NON_CLUSTERED started.
INFO  [2013-11-06 20:28:01,764] edu.sjsu.cmpe.procurement.jobs.JobManager: Jobs with @Every annotation: [class edu.sjsu.cmpe.procurement.jobs.listenToQueue]
INFO  [2013-11-06 20:28:01,864] org.eclipse.jetty.server.AbstractConnector: Started InstrumentedBlockingChannelConnector@0.0.0.0:9000
INFO  [2013-11-06 20:42:07,524] org.reflections.Reflections: Reflections took 89 ms to scan 1 urls, producing 5 keys and 5 values 
DEBUG [2013-11-06 20:42:08,010] edu.sjsu.cmpe.procurement.ProcurementService: Queue name is /queue/30765.book.orders. Topic is /topic/30765.book.
WARN  [2013-11-06 20:42:08,030] com.yammer.dropwizard.config.ServerFactory: 
!!!!!!!!!!!!!!!!!!!!!!!!!!!!!!!!!!!!!!!!!!!!!!!!!!!!!!!!!!!!!!!!!!!!!!!!!!!!!!!!
!!!!!!!!!!!!!!!!!!!!!!!!!!!!!!!!!!!!!!!!!!!!!!!!!!!!!!!!!!!!!!!!!!!!!!!!!!!!!!!!
!    THIS SERVICE HAS NO HEALTHCHECKS. THIS MEANS YOU WILL NEVER KNOW IF IT    !
!    DIES IN PRODUCTION, WHICH MEANS YOU WILL NEVER KNOW IF YOU'RE LETTING     !
!     YOUR USERS DOWN. YOU SHOULD ADD A HEALTHCHECK FOR EACH DEPENDENCY OF     !
!     YOUR SERVICE WHICH FULLY (BUT LIGHTLY) TESTS YOUR SERVICE'S ABILITY TO   !
!      USE THAT SERVICE. THINK OF IT AS A CONTINUOUS INTEGRATION TEST.         !
!!!!!!!!!!!!!!!!!!!!!!!!!!!!!!!!!!!!!!!!!!!!!!!!!!!!!!!!!!!!!!!!!!!!!!!!!!!!!!!!
!!!!!!!!!!!!!!!!!!!!!!!!!!!!!!!!!!!!!!!!!!!!!!!!!!!!!!!!!!!!!!!!!!!!!!!!!!!!!!!!
INFO  [2013-11-06 20:42:08,101] com.yammer.dropwizard.cli.ServerCommand: Starting procurement-service
INFO  [2013-11-06 20:42:08,104] org.eclipse.jetty.server.Server: jetty-8.1.10.v20130312
INFO  [2013-11-06 20:42:08,188] com.sun.jersey.server.impl.application.WebApplicationImpl: Initiating Jersey application, version 'Jersey: 1.17.1 02/28/2013 12:47 PM'
INFO  [2013-11-06 20:42:08,219] com.yammer.dropwizard.config.Environment: The following paths were found for the configured resources:


INFO  [2013-11-06 20:42:08,219] com.yammer.dropwizard.config.Environment: tasks = 

    POST    /tasks/gc (com.yammer.dropwizard.tasks.GarbageCollectionTask)

INFO  [2013-11-06 20:42:08,470] org.quartz.impl.StdSchedulerFactory: Using default implementation for ThreadExecutor
INFO  [2013-11-06 20:42:08,474] org.quartz.simpl.SimpleThreadPool: Job execution threads will use class loader of thread: main
INFO  [2013-11-06 20:42:08,491] org.quartz.core.SchedulerSignalerImpl: Initialized Scheduler Signaller of type: class org.quartz.core.SchedulerSignalerImpl
INFO  [2013-11-06 20:42:08,492] org.quartz.core.QuartzScheduler: Quartz Scheduler v.2.1.5 created.
INFO  [2013-11-06 20:42:08,493] org.quartz.simpl.RAMJobStore: RAMJobStore initialized.
INFO  [2013-11-06 20:42:08,494] org.quartz.core.QuartzScheduler: Scheduler meta-data: Quartz Scheduler (v2.1.5) 'DefaultQuartzScheduler' with instanceId 'NON_CLUSTERED'
  Scheduler class: 'org.quartz.core.QuartzScheduler' - running locally.
  NOT STARTED.
  Currently in standby mode.
  Number of jobs executed: 0
  Using thread pool 'org.quartz.simpl.SimpleThreadPool' - with 10 threads.
  Using job-store 'org.quartz.simpl.RAMJobStore' - which does not support persistence. and is not clustered.

INFO  [2013-11-06 20:42:08,494] org.quartz.impl.StdSchedulerFactory: Quartz scheduler 'DefaultQuartzScheduler' initialized from default resource file in Quartz package: 'quartz.properties'
INFO  [2013-11-06 20:42:08,494] org.quartz.impl.StdSchedulerFactory: Quartz scheduler version: 2.1.5
INFO  [2013-11-06 20:42:08,494] org.quartz.core.QuartzScheduler: Scheduler DefaultQuartzScheduler_$_NON_CLUSTERED started.
INFO  [2013-11-06 20:42:08,497] edu.sjsu.cmpe.procurement.jobs.JobManager: Jobs with @Every annotation: [class edu.sjsu.cmpe.procurement.jobs.listenToQueue]
INFO  [2013-11-06 20:42:08,522] org.eclipse.jetty.server.AbstractConnector: Started InstrumentedBlockingChannelConnector@0.0.0.0:9000
INFO  [2013-11-06 20:51:24,770] org.reflections.Reflections: Reflections took 91 ms to scan 1 urls, producing 5 keys and 5 values 
DEBUG [2013-11-06 20:51:25,262] edu.sjsu.cmpe.procurement.ProcurementService: Queue name is /queue/30765.book.orders. Topic is /topic/30765.book.
WARN  [2013-11-06 20:51:25,281] com.yammer.dropwizard.config.ServerFactory: 
!!!!!!!!!!!!!!!!!!!!!!!!!!!!!!!!!!!!!!!!!!!!!!!!!!!!!!!!!!!!!!!!!!!!!!!!!!!!!!!!
!!!!!!!!!!!!!!!!!!!!!!!!!!!!!!!!!!!!!!!!!!!!!!!!!!!!!!!!!!!!!!!!!!!!!!!!!!!!!!!!
!    THIS SERVICE HAS NO HEALTHCHECKS. THIS MEANS YOU WILL NEVER KNOW IF IT    !
!    DIES IN PRODUCTION, WHICH MEANS YOU WILL NEVER KNOW IF YOU'RE LETTING     !
!     YOUR USERS DOWN. YOU SHOULD ADD A HEALTHCHECK FOR EACH DEPENDENCY OF     !
!     YOUR SERVICE WHICH FULLY (BUT LIGHTLY) TESTS YOUR SERVICE'S ABILITY TO   !
!      USE THAT SERVICE. THINK OF IT AS A CONTINUOUS INTEGRATION TEST.         !
!!!!!!!!!!!!!!!!!!!!!!!!!!!!!!!!!!!!!!!!!!!!!!!!!!!!!!!!!!!!!!!!!!!!!!!!!!!!!!!!
!!!!!!!!!!!!!!!!!!!!!!!!!!!!!!!!!!!!!!!!!!!!!!!!!!!!!!!!!!!!!!!!!!!!!!!!!!!!!!!!
INFO  [2013-11-06 20:51:25,356] com.yammer.dropwizard.cli.ServerCommand: Starting procurement-service
INFO  [2013-11-06 20:51:25,358] org.eclipse.jetty.server.Server: jetty-8.1.10.v20130312
INFO  [2013-11-06 20:51:25,446] com.sun.jersey.server.impl.application.WebApplicationImpl: Initiating Jersey application, version 'Jersey: 1.17.1 02/28/2013 12:47 PM'
INFO  [2013-11-06 20:51:25,483] com.yammer.dropwizard.config.Environment: The following paths were found for the configured resources:

    GET     /v1/ (edu.sjsu.cmpe.procurement.api.resources.ProcurementResource)

INFO  [2013-11-06 20:51:25,483] com.yammer.dropwizard.config.Environment: tasks = 

    POST    /tasks/gc (com.yammer.dropwizard.tasks.GarbageCollectionTask)

INFO  [2013-11-06 20:51:25,715] org.quartz.impl.StdSchedulerFactory: Using default implementation for ThreadExecutor
INFO  [2013-11-06 20:51:25,718] org.quartz.simpl.SimpleThreadPool: Job execution threads will use class loader of thread: main
INFO  [2013-11-06 20:51:25,737] org.quartz.core.SchedulerSignalerImpl: Initialized Scheduler Signaller of type: class org.quartz.core.SchedulerSignalerImpl
INFO  [2013-11-06 20:51:25,739] org.quartz.core.QuartzScheduler: Quartz Scheduler v.2.1.5 created.
INFO  [2013-11-06 20:51:25,740] org.quartz.simpl.RAMJobStore: RAMJobStore initialized.
INFO  [2013-11-06 20:51:25,741] org.quartz.core.QuartzScheduler: Scheduler meta-data: Quartz Scheduler (v2.1.5) 'DefaultQuartzScheduler' with instanceId 'NON_CLUSTERED'
  Scheduler class: 'org.quartz.core.QuartzScheduler' - running locally.
  NOT STARTED.
  Currently in standby mode.
  Number of jobs executed: 0
  Using thread pool 'org.quartz.simpl.SimpleThreadPool' - with 10 threads.
  Using job-store 'org.quartz.simpl.RAMJobStore' - which does not support persistence. and is not clustered.

INFO  [2013-11-06 20:51:25,741] org.quartz.impl.StdSchedulerFactory: Quartz scheduler 'DefaultQuartzScheduler' initialized from default resource file in Quartz package: 'quartz.properties'
INFO  [2013-11-06 20:51:25,741] org.quartz.impl.StdSchedulerFactory: Quartz scheduler version: 2.1.5
INFO  [2013-11-06 20:51:25,741] org.quartz.core.QuartzScheduler: Scheduler DefaultQuartzScheduler_$_NON_CLUSTERED started.
INFO  [2013-11-06 20:51:25,745] edu.sjsu.cmpe.procurement.jobs.JobManager: Jobs with @Every annotation: [class edu.sjsu.cmpe.procurement.jobs.listenToQueue]
INFO  [2013-11-06 20:51:25,773] org.eclipse.jetty.server.AbstractConnector: Started InstrumentedBlockingChannelConnector@0.0.0.0:9000
INFO  [2013-11-06 20:54:56,060] org.reflections.Reflections: Reflections took 92 ms to scan 1 urls, producing 5 keys and 5 values 
DEBUG [2013-11-06 20:54:56,501] edu.sjsu.cmpe.procurement.ProcurementService: Queue name is /queue/30765.book.orders. Topic is /topic/30765.book.
WARN  [2013-11-06 20:54:56,519] com.yammer.dropwizard.config.ServerFactory: 
!!!!!!!!!!!!!!!!!!!!!!!!!!!!!!!!!!!!!!!!!!!!!!!!!!!!!!!!!!!!!!!!!!!!!!!!!!!!!!!!
!!!!!!!!!!!!!!!!!!!!!!!!!!!!!!!!!!!!!!!!!!!!!!!!!!!!!!!!!!!!!!!!!!!!!!!!!!!!!!!!
!    THIS SERVICE HAS NO HEALTHCHECKS. THIS MEANS YOU WILL NEVER KNOW IF IT    !
!    DIES IN PRODUCTION, WHICH MEANS YOU WILL NEVER KNOW IF YOU'RE LETTING     !
!     YOUR USERS DOWN. YOU SHOULD ADD A HEALTHCHECK FOR EACH DEPENDENCY OF     !
!     YOUR SERVICE WHICH FULLY (BUT LIGHTLY) TESTS YOUR SERVICE'S ABILITY TO   !
!      USE THAT SERVICE. THINK OF IT AS A CONTINUOUS INTEGRATION TEST.         !
!!!!!!!!!!!!!!!!!!!!!!!!!!!!!!!!!!!!!!!!!!!!!!!!!!!!!!!!!!!!!!!!!!!!!!!!!!!!!!!!
!!!!!!!!!!!!!!!!!!!!!!!!!!!!!!!!!!!!!!!!!!!!!!!!!!!!!!!!!!!!!!!!!!!!!!!!!!!!!!!!
INFO  [2013-11-06 20:54:56,590] com.yammer.dropwizard.cli.ServerCommand: Starting procurement-service
INFO  [2013-11-06 20:54:56,592] org.eclipse.jetty.server.Server: jetty-8.1.10.v20130312
INFO  [2013-11-06 20:54:56,677] com.sun.jersey.server.impl.application.WebApplicationImpl: Initiating Jersey application, version 'Jersey: 1.17.1 02/28/2013 12:47 PM'
INFO  [2013-11-06 20:54:56,713] com.yammer.dropwizard.config.Environment: The following paths were found for the configured resources:

    GET     /v1/ (edu.sjsu.cmpe.procurement.api.resources.ProcurementResource)

INFO  [2013-11-06 20:54:56,713] com.yammer.dropwizard.config.Environment: tasks = 

    POST    /tasks/gc (com.yammer.dropwizard.tasks.GarbageCollectionTask)

INFO  [2013-11-06 20:54:56,941] org.quartz.impl.StdSchedulerFactory: Using default implementation for ThreadExecutor
INFO  [2013-11-06 20:54:56,944] org.quartz.simpl.SimpleThreadPool: Job execution threads will use class loader of thread: main
INFO  [2013-11-06 20:54:56,959] org.quartz.core.SchedulerSignalerImpl: Initialized Scheduler Signaller of type: class org.quartz.core.SchedulerSignalerImpl
INFO  [2013-11-06 20:54:56,961] org.quartz.core.QuartzScheduler: Quartz Scheduler v.2.1.5 created.
INFO  [2013-11-06 20:54:56,962] org.quartz.simpl.RAMJobStore: RAMJobStore initialized.
INFO  [2013-11-06 20:54:56,963] org.quartz.core.QuartzScheduler: Scheduler meta-data: Quartz Scheduler (v2.1.5) 'DefaultQuartzScheduler' with instanceId 'NON_CLUSTERED'
  Scheduler class: 'org.quartz.core.QuartzScheduler' - running locally.
  NOT STARTED.
  Currently in standby mode.
  Number of jobs executed: 0
  Using thread pool 'org.quartz.simpl.SimpleThreadPool' - with 10 threads.
  Using job-store 'org.quartz.simpl.RAMJobStore' - which does not support persistence. and is not clustered.

INFO  [2013-11-06 20:54:56,963] org.quartz.impl.StdSchedulerFactory: Quartz scheduler 'DefaultQuartzScheduler' initialized from default resource file in Quartz package: 'quartz.properties'
INFO  [2013-11-06 20:54:56,963] org.quartz.impl.StdSchedulerFactory: Quartz scheduler version: 2.1.5
INFO  [2013-11-06 20:54:56,963] org.quartz.core.QuartzScheduler: Scheduler DefaultQuartzScheduler_$_NON_CLUSTERED started.
INFO  [2013-11-06 20:54:56,966] edu.sjsu.cmpe.procurement.jobs.JobManager: Jobs with @Every annotation: [class edu.sjsu.cmpe.procurement.jobs.listenToQueue]
INFO  [2013-11-06 20:54:56,990] org.eclipse.jetty.server.AbstractConnector: Started InstrumentedBlockingChannelConnector@0.0.0.0:9000
INFO  [2013-11-06 20:54:56,992] org.eclipse.jetty.server.AbstractConnector: Started SocketConnector@0.0.0.0:8080
INFO  [2013-11-06 20:56:04,064] org.reflections.Reflections: Reflections took 89 ms to scan 1 urls, producing 5 keys and 5 values 
DEBUG [2013-11-06 20:56:04,530] edu.sjsu.cmpe.procurement.ProcurementService: Queue name is /queue/30765.book.orders. Topic is /topic/30765.book.
WARN  [2013-11-06 20:56:04,550] com.yammer.dropwizard.config.ServerFactory: 
!!!!!!!!!!!!!!!!!!!!!!!!!!!!!!!!!!!!!!!!!!!!!!!!!!!!!!!!!!!!!!!!!!!!!!!!!!!!!!!!
!!!!!!!!!!!!!!!!!!!!!!!!!!!!!!!!!!!!!!!!!!!!!!!!!!!!!!!!!!!!!!!!!!!!!!!!!!!!!!!!
!    THIS SERVICE HAS NO HEALTHCHECKS. THIS MEANS YOU WILL NEVER KNOW IF IT    !
!    DIES IN PRODUCTION, WHICH MEANS YOU WILL NEVER KNOW IF YOU'RE LETTING     !
!     YOUR USERS DOWN. YOU SHOULD ADD A HEALTHCHECK FOR EACH DEPENDENCY OF     !
!     YOUR SERVICE WHICH FULLY (BUT LIGHTLY) TESTS YOUR SERVICE'S ABILITY TO   !
!      USE THAT SERVICE. THINK OF IT AS A CONTINUOUS INTEGRATION TEST.         !
!!!!!!!!!!!!!!!!!!!!!!!!!!!!!!!!!!!!!!!!!!!!!!!!!!!!!!!!!!!!!!!!!!!!!!!!!!!!!!!!
!!!!!!!!!!!!!!!!!!!!!!!!!!!!!!!!!!!!!!!!!!!!!!!!!!!!!!!!!!!!!!!!!!!!!!!!!!!!!!!!
INFO  [2013-11-06 20:56:04,623] com.yammer.dropwizard.cli.ServerCommand: Starting procurement-service
INFO  [2013-11-06 20:56:04,624] org.eclipse.jetty.server.Server: jetty-8.1.10.v20130312
INFO  [2013-11-06 20:56:04,708] com.sun.jersey.server.impl.application.WebApplicationImpl: Initiating Jersey application, version 'Jersey: 1.17.1 02/28/2013 12:47 PM'
INFO  [2013-11-06 20:56:04,746] com.yammer.dropwizard.config.Environment: The following paths were found for the configured resources:

    GET     /v1/ (edu.sjsu.cmpe.procurement.api.resources.ProcurementResource)

INFO  [2013-11-06 20:56:04,746] com.yammer.dropwizard.config.Environment: tasks = 

    POST    /tasks/gc (com.yammer.dropwizard.tasks.GarbageCollectionTask)

INFO  [2013-11-06 20:56:05,001] org.quartz.impl.StdSchedulerFactory: Using default implementation for ThreadExecutor
INFO  [2013-11-06 20:56:05,005] org.quartz.simpl.SimpleThreadPool: Job execution threads will use class loader of thread: main
INFO  [2013-11-06 20:56:05,022] org.quartz.core.SchedulerSignalerImpl: Initialized Scheduler Signaller of type: class org.quartz.core.SchedulerSignalerImpl
INFO  [2013-11-06 20:56:05,023] org.quartz.core.QuartzScheduler: Quartz Scheduler v.2.1.5 created.
INFO  [2013-11-06 20:56:05,024] org.quartz.simpl.RAMJobStore: RAMJobStore initialized.
INFO  [2013-11-06 20:56:05,025] org.quartz.core.QuartzScheduler: Scheduler meta-data: Quartz Scheduler (v2.1.5) 'DefaultQuartzScheduler' with instanceId 'NON_CLUSTERED'
  Scheduler class: 'org.quartz.core.QuartzScheduler' - running locally.
  NOT STARTED.
  Currently in standby mode.
  Number of jobs executed: 0
  Using thread pool 'org.quartz.simpl.SimpleThreadPool' - with 10 threads.
  Using job-store 'org.quartz.simpl.RAMJobStore' - which does not support persistence. and is not clustered.

INFO  [2013-11-06 20:56:05,025] org.quartz.impl.StdSchedulerFactory: Quartz scheduler 'DefaultQuartzScheduler' initialized from default resource file in Quartz package: 'quartz.properties'
INFO  [2013-11-06 20:56:05,025] org.quartz.impl.StdSchedulerFactory: Quartz scheduler version: 2.1.5
INFO  [2013-11-06 20:56:05,026] org.quartz.core.QuartzScheduler: Scheduler DefaultQuartzScheduler_$_NON_CLUSTERED started.
INFO  [2013-11-06 20:56:05,029] edu.sjsu.cmpe.procurement.jobs.JobManager: Jobs with @Every annotation: [class edu.sjsu.cmpe.procurement.jobs.listenToQueue]
INFO  [2013-11-06 20:56:05,057] org.eclipse.jetty.server.AbstractConnector: Started InstrumentedBlockingChannelConnector@0.0.0.0:8080
INFO  [2013-11-06 20:56:05,060] org.eclipse.jetty.server.AbstractConnector: Started SocketConnector@0.0.0.0:9000
INFO  [2013-11-06 20:56:45,569] org.reflections.Reflections: Reflections took 87 ms to scan 1 urls, producing 5 keys and 5 values 
DEBUG [2013-11-06 20:56:46,007] edu.sjsu.cmpe.procurement.ProcurementService: Queue name is /queue/30765.book.orders. Topic is /topic/30765.book.
WARN  [2013-11-06 20:56:46,026] com.yammer.dropwizard.config.ServerFactory: 
!!!!!!!!!!!!!!!!!!!!!!!!!!!!!!!!!!!!!!!!!!!!!!!!!!!!!!!!!!!!!!!!!!!!!!!!!!!!!!!!
!!!!!!!!!!!!!!!!!!!!!!!!!!!!!!!!!!!!!!!!!!!!!!!!!!!!!!!!!!!!!!!!!!!!!!!!!!!!!!!!
!    THIS SERVICE HAS NO HEALTHCHECKS. THIS MEANS YOU WILL NEVER KNOW IF IT    !
!    DIES IN PRODUCTION, WHICH MEANS YOU WILL NEVER KNOW IF YOU'RE LETTING     !
!     YOUR USERS DOWN. YOU SHOULD ADD A HEALTHCHECK FOR EACH DEPENDENCY OF     !
!     YOUR SERVICE WHICH FULLY (BUT LIGHTLY) TESTS YOUR SERVICE'S ABILITY TO   !
!      USE THAT SERVICE. THINK OF IT AS A CONTINUOUS INTEGRATION TEST.         !
!!!!!!!!!!!!!!!!!!!!!!!!!!!!!!!!!!!!!!!!!!!!!!!!!!!!!!!!!!!!!!!!!!!!!!!!!!!!!!!!
!!!!!!!!!!!!!!!!!!!!!!!!!!!!!!!!!!!!!!!!!!!!!!!!!!!!!!!!!!!!!!!!!!!!!!!!!!!!!!!!
INFO  [2013-11-06 20:56:46,101] com.yammer.dropwizard.cli.ServerCommand: Starting procurement-service
INFO  [2013-11-06 20:56:46,103] org.eclipse.jetty.server.Server: jetty-8.1.10.v20130312
INFO  [2013-11-06 20:56:46,184] com.sun.jersey.server.impl.application.WebApplicationImpl: Initiating Jersey application, version 'Jersey: 1.17.1 02/28/2013 12:47 PM'
INFO  [2013-11-06 20:56:46,219] com.yammer.dropwizard.config.Environment: The following paths were found for the configured resources:

    GET     / (edu.sjsu.cmpe.procurement.api.resources.ProcurementResource)

INFO  [2013-11-06 20:56:46,219] com.yammer.dropwizard.config.Environment: tasks = 

    POST    /tasks/gc (com.yammer.dropwizard.tasks.GarbageCollectionTask)

INFO  [2013-11-06 20:56:46,444] org.quartz.impl.StdSchedulerFactory: Using default implementation for ThreadExecutor
INFO  [2013-11-06 20:56:46,447] org.quartz.simpl.SimpleThreadPool: Job execution threads will use class loader of thread: main
INFO  [2013-11-06 20:56:46,462] org.quartz.core.SchedulerSignalerImpl: Initialized Scheduler Signaller of type: class org.quartz.core.SchedulerSignalerImpl
INFO  [2013-11-06 20:56:46,463] org.quartz.core.QuartzScheduler: Quartz Scheduler v.2.1.5 created.
INFO  [2013-11-06 20:56:46,464] org.quartz.simpl.RAMJobStore: RAMJobStore initialized.
INFO  [2013-11-06 20:56:46,465] org.quartz.core.QuartzScheduler: Scheduler meta-data: Quartz Scheduler (v2.1.5) 'DefaultQuartzScheduler' with instanceId 'NON_CLUSTERED'
  Scheduler class: 'org.quartz.core.QuartzScheduler' - running locally.
  NOT STARTED.
  Currently in standby mode.
  Number of jobs executed: 0
  Using thread pool 'org.quartz.simpl.SimpleThreadPool' - with 10 threads.
  Using job-store 'org.quartz.simpl.RAMJobStore' - which does not support persistence. and is not clustered.

INFO  [2013-11-06 20:56:46,465] org.quartz.impl.StdSchedulerFactory: Quartz scheduler 'DefaultQuartzScheduler' initialized from default resource file in Quartz package: 'quartz.properties'
INFO  [2013-11-06 20:56:46,465] org.quartz.impl.StdSchedulerFactory: Quartz scheduler version: 2.1.5
INFO  [2013-11-06 20:56:46,465] org.quartz.core.QuartzScheduler: Scheduler DefaultQuartzScheduler_$_NON_CLUSTERED started.
INFO  [2013-11-06 20:56:46,469] edu.sjsu.cmpe.procurement.jobs.JobManager: Jobs with @Every annotation: [class edu.sjsu.cmpe.procurement.jobs.listenToQueue]
INFO  [2013-11-06 20:56:46,493] org.eclipse.jetty.server.AbstractConnector: Started InstrumentedBlockingChannelConnector@0.0.0.0:8080
INFO  [2013-11-06 20:56:46,496] org.eclipse.jetty.server.AbstractConnector: Started SocketConnector@0.0.0.0:9000
